=====Data Check on train1=====

Load sg_train1 and spike_train1...
Check data shape, zero ratios and NaN raitos...
=====Summary of SG=====
    time        b         c        d         e       f          g         h     i  layer
0  0.000 -189.537 -2.046141 -218.081 -1.730294 -74.047  13.141993  1.422119  1061      1
1  0.001 -189.534 -2.128536 -218.077 -2.156001 -74.047  13.155726  1.403809  1060      1
Shape: (16496046, 10)
NaN ratio:
           time    b    c    d    e    f    g    h    i  layer
NaN Ratio   0.0  0.0  0.0  0.0  0.0  0.0  0.0  0.0  0.0    0.0
Zero ratio:
                   c         b        e      time         d    f    g    h    i  layer
Zero Ratio  0.034608  0.018932  0.00916  0.000279  0.000055  0.0  0.0  0.0  0.0    0.0
=====Summary of SPIKE=====
     time          b          c         d  layer
0  0.0000  24.921879  -9.475802  0.833795      1
1  0.0004  28.295334 -12.450098  1.509845      1
Shape: (41240046, 5)
NaN ratio:
           time    b    c    d  layer
NaN Ratio   0.0  0.0  0.0  0.0    0.0
Zero ratio:
                   c        d         b      time  layer
Zero Ratio  0.510686  0.29143  0.206023  0.000112    0.0

Check #Sample of spike / #Samples of sg -> 2.5 or not...
#Samples of spike / #Samples of sg: 2.499995817179462

Check if sg and spike information are sliced into two groups (like train1 26 / 20)...
(Directly check groups' boundary (min/max) and #layers per group (count).)
=====sg=====
layer          1       2       3       4       5   ...      42      43      44      45      46
n_samples  416001  416001  416001  416001  416001  ...  284001  284001  284001  284001  284001

[1 rows x 46 columns]
           min  max  count
n_samples
284001      27   46     20
416001       1   26     26
=====spike=====
layer           1        2        3        4        5   ...      42      43      44      45      46
n_samples  1040001  1040001  1040001  1040001  1040001  ...  710001  710001  710001  710001  710001

[1 rows x 46 columns]
           min  max  count
n_samples
710001      27   46     20
1040001      1   26     26

Check sg["e"].diff().sort_values() to help DA slicing...
Layer  1: -12.33 -12.29 -12.25 -12.21 -12.18 -11.66 -11.63 -11.56 -11.51 -11.37
          -7.68 -7.48 -7.28 -7.1 -7.07 -7.02 -6.99 -6.96 -6.95 -6.93
          -4.92 -4.81 -4.63 -4.61 -4.57 -4.56 -4.53 -4.52 -4.5 -4.49

Layer  2: -12.28 -12.19 -11.71 -11.67 -11.6 -11.56 -11.54 -11.54 -11.52 -11.51
          -7.61 -7.35 -7.2 -7.15 -7.11 -7.03 -6.96 -6.95 -6.91 -6.89
          -4.97 -4.92 -4.71 -4.7 -4.68 -4.64 -4.64 -4.63 -4.59 -4.59

Layer  3: -12.3 -12.24 -12.24 -12.22 -12.18 -11.77 -11.69 -11.6 -11.59 -11.52
          -7.64 -7.33 -7.14 -7.03 -7.0 -7.0 -6.99 -6.93 -6.85 -6.67
          -5.04 -4.89 -4.72 -4.57 -4.56 -4.56 -4.55 -4.52 -4.49 -4.48

Layer  4: -12.24 -12.22 -12.22 -12.22 -12.17 -11.8 -11.63 -11.62 -11.54 -11.52
          -7.4 -7.37 -7.18 -7.15 -7.04 -6.98 -6.95 -6.92 -6.91 -6.88
          -4.96 -4.92 -4.81 -4.61 -4.59 -4.53 -4.46 -4.46 -4.46 -4.45

Layer  5: -12.37 -12.25 -12.21 -12.18 -12.17 -12.17 -11.62 -11.58 -11.51 -11.27
          -7.7 -7.51 -7.2 -7.17 -7.17 -7.15 -7.13 -7.0 -6.34 -6.34
          -4.86 -4.72 -4.71 -4.68 -4.61 -4.6 -4.59 -4.53 -4.53 -4.52

Layer  6: -12.32 -12.26 -12.24 -11.76 -11.73 -11.58 -11.56 -11.54 -11.52 -11.33
          -7.48 -7.37 -7.22 -7.21 -7.13 -7.11 -7.09 -7.04 -6.96 -6.95
          -5.01 -4.93 -4.75 -4.72 -4.67 -4.61 -4.57 -4.56 -4.56 -4.56

Layer  7: -12.33 -12.22 -12.14 -11.65 -11.55 -11.52 -11.49 -11.47 -11.41 -11.4
          -7.66 -7.58 -7.1 -6.93 -6.92 -6.88 -6.84 -6.77 -6.73 -6.69
          -5.08 -4.96 -4.6 -4.56 -4.55 -4.5 -4.46 -4.45 -4.42 -4.42

Layer  8: -12.43 -12.3 -12.3 -12.28 -11.63 -11.59 -11.59 -11.56 -11.51 -11.4
          -7.59 -7.53 -7.2 -7.1 -6.96 -6.93 -6.89 -6.89 -6.88 -6.8
          -5.01 -4.82 -4.68 -4.59 -4.52 -4.5 -4.48 -4.48 -4.46 -4.45

Layer  9: -12.3 -12.28 -12.19 -12.15 -12.14 -11.76 -11.66 -11.66 -11.54 -11.33
          -7.65 -7.53 -7.5 -7.18 -7.06 -6.98 -6.89 -6.89 -6.61 -6.21
          -5.16 -4.92 -4.6 -4.56 -4.53 -4.53 -4.5 -4.49 -4.49 -4.45

Layer 10: -12.4 -12.36 -12.29 -12.19 -12.14 -11.71 -11.6 -11.48 -11.47 -11.44
          -7.57 -7.42 -7.25 -7.22 -7.14 -7.11 -7.03 -6.99 -6.96 -6.88
          -4.92 -4.75 -4.67 -4.66 -4.6 -4.6 -4.6 -4.56 -4.56 -4.55

Layer 11: -12.33 -12.26 -12.22 -12.18 -11.69 -11.56 -11.54 -11.48 -11.38 -11.34
          -7.68 -7.57 -7.04 -7.02 -6.99 -6.98 -6.98 -6.93 -6.81 -6.65
          -5.15 -5.05 -4.7 -4.59 -4.59 -4.56 -4.55 -4.53 -4.53 -4.5

Layer 12: -12.35 -12.26 -12.19 -12.19 -12.19 -11.67 -11.62 -11.52 -11.51 -11.25
          -7.57 -7.43 -7.25 -7.17 -7.14 -7.11 -7.04 -7.03 -7.02 -6.93
          -5.04 -4.9 -4.82 -4.67 -4.66 -4.64 -4.61 -4.6 -4.57 -4.53

Layer 13: -12.36 -12.3 -12.18 -11.67 -11.65 -11.65 -11.58 -11.49 -11.45 -11.34
          -7.81 -7.22 -7.15 -7.15 -7.14 -7.03 -6.99 -6.96 -6.89 -6.84
          -4.78 -4.71 -4.66 -4.64 -4.64 -4.61 -4.6 -4.57 -4.55 -4.53

Layer 14: -12.25 -12.21 -12.14 -12.14 -12.13 -11.62 -11.59 -11.54 -11.48 -11.41
          -7.61 -7.42 -7.25 -7.18 -7.18 -7.17 -7.03 -6.91 -6.89 -6.88
          -5.03 -4.93 -4.78 -4.75 -4.74 -4.7 -4.7 -4.66 -4.64 -4.61

Layer 15: -12.39 -12.3 -12.28 -11.81 -11.59 -11.58 -11.52 -11.52 -11.49 -11.48
          -7.5 -7.21 -7.2 -7.2 -7.11 -7.03 -7.0 -6.98 -6.96 -6.93
          -4.82 -4.68 -4.68 -4.66 -4.61 -4.6 -4.59 -4.56 -4.52 -4.52

Layer 16: -12.25 -12.17 -12.08 -11.8 -11.76 -11.71 -11.62 -11.56 -11.54 -11.3
          -7.72 -7.58 -7.17 -7.09 -7.03 -6.96 -6.96 -6.74 -6.4 -6.3
          -5.01 -4.92 -4.86 -4.83 -4.67 -4.66 -4.64 -4.63 -4.56 -4.49

Layer 17: -12.37 -12.22 -12.18 -11.7 -11.66 -11.6 -11.6 -11.52 -11.48 -11.45
          -7.66 -7.35 -7.26 -7.18 -7.15 -7.04 -7.03 -6.98 -6.95 -6.89
          -4.66 -4.61 -4.61 -4.61 -4.57 -4.56 -4.56 -4.52 -4.52 -4.52

Layer 18: -12.26 -12.25 -12.21 -12.21 -12.18 -11.77 -11.66 -11.65 -11.48 -11.38
          -7.65 -7.55 -7.22 -7.18 -7.17 -7.14 -7.02 -6.92 -6.89 -6.77
          -4.97 -4.67 -4.66 -4.64 -4.63 -4.61 -4.61 -4.57 -4.57 -4.56

Layer 19: -12.28 -12.26 -12.21 -12.15 -12.14 -11.73 -11.67 -11.54 -11.49 -11.41
          -7.53 -7.36 -7.35 -7.11 -7.09 -6.93 -6.91 -6.91 -6.73 -6.69
          -5.09 -5.0 -4.85 -4.63 -4.56 -4.55 -4.53 -4.53 -4.46 -4.44

Layer 20: -12.32 -12.29 -12.29 -12.22 -11.63 -11.55 -11.55 -11.49 -11.48 -11.44
          -7.59 -7.24 -7.2 -7.2 -7.11 -6.99 -6.96 -6.88 -6.87 -6.84
          -4.97 -4.89 -4.66 -4.66 -4.56 -4.53 -4.52 -4.52 -4.52 -4.49

Layer 21: -12.26 -12.14 -11.71 -11.67 -11.67 -11.6 -11.51 -11.47 -11.44 -11.23
          -7.68 -7.55 -7.1 -7.06 -6.99 -6.98 -6.85 -6.83 -6.69 -6.66
          -5.03 -5.01 -4.78 -4.77 -4.68 -4.64 -4.6 -4.6 -4.53 -4.5

Layer 22: -12.41 -12.36 -12.28 -12.25 -12.21 -11.63 -11.62 -11.59 -11.49 -11.45
          -7.69 -7.33 -7.11 -7.1 -7.07 -7.0 -6.93 -6.92 -6.91 -6.89
          -4.7 -4.67 -4.66 -4.61 -4.59 -4.57 -4.57 -4.56 -4.56 -4.53

Layer 23: -12.22 -12.15 -12.1 -12.08 -12.06 -11.71 -11.63 -11.62 -11.56 -11.45
          -7.57 -7.5 -7.22 -7.2 -7.18 -7.06 -6.92 -6.89 -6.87 -6.83
          -5.04 -4.85 -4.78 -4.75 -4.66 -4.6 -4.57 -4.57 -4.56 -4.52

Layer 24: -12.33 -12.29 -12.13 -12.11 -12.07 -11.67 -11.6 -11.59 -11.45 -11.32
          -7.39 -7.29 -7.18 -7.17 -7.15 -7.15 -7.14 -7.09 -6.92 -6.74
          -4.75 -4.7 -4.67 -4.66 -4.6 -4.56 -4.53 -4.53 -4.52 -4.44

Layer 25: -12.22 -12.19 -12.18 -11.76 -11.59 -11.58 -11.55 -11.51 -11.41 -11.34
          -7.72 -7.31 -7.04 -6.98 -6.98 -6.95 -6.93 -6.91 -6.91 -6.83
          -5.09 -4.81 -4.79 -4.71 -4.61 -4.6 -4.57 -4.57 -4.57 -4.53

Layer 26: -12.39 -12.29 -12.26 -12.26 -12.19 -11.66 -11.63 -11.6 -11.54 -11.37
          -7.68 -7.39 -7.22 -7.14 -7.0 -7.0 -6.93 -6.92 -6.89 -6.76
          -4.88 -4.86 -4.63 -4.61 -4.57 -4.56 -4.53 -4.52 -4.5 -4.5

Layer 27: -12.3 -12.29 -11.65 -11.65 -11.63 -11.38 -10.64 -7.62 -7.47 -7.46
          -7.06 -6.93 -6.81 -6.7 -6.63 -5.08 -4.89 -4.89 -4.88 -4.83
          -4.7 -4.61 -4.57 -4.31 -4.23 -4.2 -4.16 -4.01 -3.86 -3.72

Layer 28: -12.28 -12.21 -11.78 -11.59 -11.49 -11.4 -10.74 -7.55 -7.36 -7.35
          -7.18 -7.14 -7.03 -7.02 -7.0 -4.83 -4.74 -4.61 -4.53 -4.52
          -4.49 -4.42 -4.41 -4.35 -4.35 -4.34 -4.33 -4.17 -4.12 -3.74

Layer 29: -12.21 -11.71 -11.66 -11.59 -11.52 -11.47 -10.66 -7.5 -7.37 -7.35
          -7.32 -7.18 -7.07 -7.06 -6.95 -4.89 -4.88 -4.72 -4.7 -4.63
          -4.48 -4.48 -4.42 -4.35 -4.34 -4.34 -4.33 -4.27 -4.17 -4.16

Layer 30: -12.32 -12.18 -11.71 -11.65 -11.6 -11.52 -10.73 -7.28 -7.26 -7.26
          -7.22 -7.15 -7.07 -7.03 -6.69 -4.96 -4.74 -4.59 -4.55 -4.49
          -4.45 -4.45 -4.42 -4.37 -4.31 -4.24 -4.24 -4.22 -3.64 -3.64

Layer 31: -12.25 -12.21 -11.65 -11.59 -11.49 -11.29 -10.62 -7.69 -7.46 -7.36
          -7.33 -7.31 -7.28 -7.18 -6.88 -4.89 -4.77 -4.72 -4.7 -4.63
          -4.59 -4.5 -4.41 -4.39 -4.31 -4.2 -4.2 -4.16 -4.16 -3.69

Layer 32: -12.14 -12.02 -11.89 -11.63 -11.49 -11.49 -10.79 -7.57 -7.5 -7.4
          -6.88 -6.78 -6.78 -6.61 -6.5 -4.89 -4.88 -4.85 -4.68 -4.66
          -4.64 -4.6 -4.55 -4.53 -4.31 -4.06 -3.94 -3.9 -3.85 -3.57

Layer 33: -12.32 -12.28 -11.7 -11.67 -11.62 -11.59 -10.7 -7.64 -7.51 -7.2
          -7.15 -7.09 -6.92 -6.85 -6.83 -5.0 -4.75 -4.72 -4.67 -4.64
          -4.55 -4.52 -4.49 -4.42 -4.41 -4.37 -4.28 -4.26 -4.15 -3.64

Layer 34: -12.28 -11.8 -11.67 -11.55 -11.45 -11.33 -10.62 -7.7 -7.62 -7.25
          -7.2 -7.09 -7.06 -6.77 -6.77 -5.34 -5.12 -5.03 -4.67 -4.64
          -4.63 -4.52 -4.48 -4.42 -4.38 -4.34 -4.33 -4.15 -4.0 -3.57

Layer 35: -12.29 -12.26 -12.24 -11.59 -11.56 -11.32 -10.77 -7.54 -7.36 -7.15
          -7.14 -7.03 -6.89 -6.78 -6.58 -5.07 -5.04 -4.72 -4.72 -4.66
          -4.57 -4.5 -4.38 -4.26 -4.23 -4.16 -4.0 -3.93 -3.93 -3.86

Layer 36: -12.19 -11.66 -11.59 -11.58 -11.54 -11.41 -10.63 -7.61 -7.44 -7.37
          -7.35 -7.29 -7.2 -7.2 -7.11 -4.94 -4.88 -4.86 -4.78 -4.68
          -4.67 -4.66 -4.53 -4.38 -4.35 -4.3 -4.28 -4.12 -4.01 -4.0

Layer 37: -12.37 -12.24 -12.15 -11.74 -11.6 -11.51 -10.68 -7.7 -7.53 -7.43
          -7.09 -7.04 -7.0 -6.8 -6.77 -4.93 -4.92 -4.88 -4.86 -4.78
          -4.75 -4.75 -4.55 -4.45 -4.33 -4.26 -4.15 -4.0 -3.97 -3.61

Layer 38: -12.22 -11.7 -11.69 -11.66 -11.48 -11.45 -10.81 -7.68 -7.39 -7.24
          -7.21 -7.17 -7.04 -7.03 -6.91 -4.89 -4.83 -4.72 -4.56 -4.52
          -4.48 -4.46 -4.46 -4.44 -4.42 -4.41 -4.35 -4.28 -4.15 -3.93

Layer 39: -12.22 -11.66 -11.63 -11.6 -11.54 -11.18 -10.75 -7.48 -7.47 -7.46
          -7.14 -7.14 -7.1 -7.07 -6.87 -4.93 -4.88 -4.78 -4.63 -4.61
          -4.55 -4.44 -4.44 -4.42 -4.42 -4.41 -4.39 -4.38 -4.12 -3.57

Layer 40: -12.11 -11.65 -11.63 -11.47 -11.44 -11.36 -10.64 -7.51 -7.48 -7.48
          -7.29 -7.24 -7.11 -7.07 -6.72 -5.0 -4.9 -4.9 -4.72 -4.66
          -4.61 -4.55 -4.48 -4.41 -4.35 -4.31 -4.3 -4.17 -4.11 -3.86

Layer 41: -12.15 -12.14 -11.76 -11.58 -11.44 -11.43 -10.71 -7.55 -7.29 -7.18
          -7.13 -6.88 -6.85 -6.81 -6.61 -4.9 -4.86 -4.71 -4.63 -4.6
          -4.59 -4.38 -4.35 -4.22 -4.2 -4.15 -3.94 -3.94 -3.82 -3.58

Layer 42: -12.24 -12.22 -12.17 -11.58 -11.49 -11.41 -10.53 -7.57 -7.48 -7.47
          -7.39 -7.32 -7.25 -7.24 -7.2 -4.92 -4.9 -4.67 -4.64 -4.64
          -4.59 -4.55 -4.49 -4.42 -4.41 -4.39 -4.37 -4.27 -4.26 -4.16

Layer 43: -11.59 -11.55 -11.54 -11.45 -11.44 -11.41 -10.6 -7.48 -7.36 -7.28
          -7.17 -7.15 -7.11 -7.07 -6.72 -5.23 -4.85 -4.66 -4.57 -4.55
          -4.52 -4.52 -4.42 -4.38 -4.34 -4.34 -4.3 -4.22 -4.01 -3.58

Layer 44: -12.21 -11.66 -11.55 -11.48 -11.47 -11.41 -10.78 -7.54 -7.53 -7.21
          -7.11 -7.1 -7.1 -7.09 -7.07 -4.98 -4.92 -4.68 -4.66 -4.6
          -4.56 -4.55 -4.45 -4.44 -4.42 -4.39 -4.27 -4.17 -4.01 -3.89

Layer 45: -12.47 -12.26 -11.82 -11.55 -11.48 -11.44 -10.57 -7.46 -7.22 -7.2
          -7.17 -7.13 -7.11 -6.99 -6.84 -4.82 -4.64 -4.64 -4.64 -4.56
          -4.52 -4.49 -4.48 -4.28 -4.26 -4.26 -4.23 -4.2 -3.63 -3.63

Layer 46: -12.3 -12.18 -11.71 -11.67 -11.51 -11.45 -10.57 -7.35 -7.32 -7.21
          -7.18 -7.15 -7.04 -6.76 -6.73 -4.94 -4.75 -4.71 -4.71 -4.59
          -4.57 -4.52 -4.5 -4.41 -4.37 -4.35 -4.13 -3.98 -3.79 -3.71
